<?xml version="1.0" encoding="UTF-8"?>
<coverage generated="1776783676302" clover="3.2.0">
  <project timestamp="1776783676302" name="All files">
    <metrics statements="90" coveredstatements="89" conditionals="65" coveredconditionals="58" methods="15" coveredmethods="15" elements="170" coveredelements="162" complexity="0" loc="90" ncloc="90" packages="4" files="5" classes="5"/>
    <package name="application-source">
      <metrics statements="8" coveredstatements="8" conditionals="4" coveredconditionals="4" methods="2" coveredmethods="2"/>
      <file name="config.js" path="/Users/rhishikesh/GITHUB/_SANDBOX/node-mega-stream-service/application-source/config.js">
        <metrics statements="3" coveredstatements="3" conditionals="4" coveredconditionals="4" methods="0" coveredmethods="0"/>
        <line num="15" count="5" type="stmt"/>
        <line num="19" count="5" type="cond" truecount="2" falsecount="0"/>
        <line num="23" count="5" type="cond" truecount="2" falsecount="0"/>
      </file>
      <file name="index.js" path="/Users/rhishikesh/GITHUB/_SANDBOX/node-mega-stream-service/application-source/index.js">
        <metrics statements="5" coveredstatements="5" conditionals="0" coveredconditionals="0" methods="2" coveredmethods="2"/>
        <line num="18" count="1" type="stmt"/>
        <line num="22" count="1" type="stmt"/>
        <line num="26" count="1" type="stmt"/>
        <line num="30" count="1" type="stmt"/>
        <line num="31" count="1" type="stmt"/>
      </file>
    </package>
    <package name="application-source.routes">
      <metrics statements="58" coveredstatements="57" conditionals="49" coveredconditionals="43" methods="5" coveredmethods="5"/>
      <file name="stream.js" path="/Users/rhishikesh/GITHUB/_SANDBOX/node-mega-stream-service/application-source/routes/stream.js">
        <metrics statements="58" coveredstatements="57" conditionals="49" coveredconditionals="43" methods="5" coveredmethods="5"/>
        <line num="20" count="1" type="stmt"/>
        <line num="22" count="19" type="cond" truecount="2" falsecount="0"/>
        <line num="23" count="1" type="stmt"/>
        <line num="27" count="18" type="cond" truecount="2" falsecount="0"/>
        <line num="28" count="19" type="cond" truecount="2" falsecount="0"/>
        <line num="29" count="19" type="stmt"/>
        <line num="31" count="19" type="cond" truecount="5" falsecount="0"/>
        <line num="32" count="1" type="stmt"/>
        <line num="33" count="1" type="stmt"/>
        <line num="36" count="17" type="stmt"/>
        <line num="38" count="17" type="stmt"/>
        <line num="39" count="16" type="stmt"/>
        <line num="41" count="16" type="cond" truecount="2" falsecount="0"/>
        <line num="42" count="2" type="stmt"/>
        <line num="46" count="14" type="stmt"/>
        <line num="47" count="14" type="stmt"/>
        <line num="48" count="14" type="stmt"/>
        <line num="49" count="14" type="stmt"/>
        <line num="51" count="14" type="stmt"/>
        <line num="52" count="14" type="cond" truecount="2" falsecount="0"/>
        <line num="53" count="5" type="stmt"/>
        <line num="54" count="5" type="stmt"/>
        <line num="55" count="5" type="cond" truecount="1" falsecount="1"/>
        <line num="57" count="5" type="cond" truecount="4" falsecount="0"/>
        <line num="59" count="5" type="cond" truecount="2" falsecount="0"/>
        <line num="60" count="4" type="stmt"/>
        <line num="63" count="1" type="stmt"/>
        <line num="64" count="1" type="stmt"/>
        <line num="65" count="1" type="stmt"/>
        <line num="69" count="10" type="stmt"/>
        <line num="70" count="10" type="stmt"/>
        <line num="72" count="10" type="stmt"/>
        <line num="73" count="7" type="stmt"/>
        <line num="74" count="7" type="cond" truecount="4" falsecount="0"/>
        <line num="79" count="7" type="cond" truecount="2" falsecount="0"/>
        <line num="84" count="7" type="stmt"/>
        <line num="90" count="7" type="stmt"/>
        <line num="91" count="7" type="stmt"/>
        <line num="95" count="10" type="stmt"/>
        <line num="96" count="1" type="cond" truecount="3" falsecount="1"/>
        <line num="97" count="1" type="stmt"/>
        <line num="101" count="10" type="stmt"/>
        <line num="102" count="1" type="cond" truecount="1" falsecount="1"/>
        <line num="103" count="1" type="stmt"/>
        <line num="107" count="10" type="stmt"/>
        <line num="108" count="2" type="stmt"/>
        <line num="109" count="2" type="stmt"/>
        <line num="110" count="2" type="cond" truecount="2" falsecount="0"/>
        <line num="111" count="1" type="stmt"/>
        <line num="112" count="1" type="stmt"/>
        <line num="114" count="1" type="stmt"/>
        <line num="118" count="1" type="stmt"/>
        <line num="119" count="1" type="stmt"/>
        <line num="121" count="1" type="cond" truecount="1" falsecount="1"/>
        <line num="122" count="1" type="cond" truecount="2" falsecount="2"/>
        <line num="123" count="1" type="stmt"/>
        <line num="124" count="1" type="stmt"/>
        <line num="127" count="0" type="stmt"/>
      </file>
    </package>
    <package name="application-source.services">
      <metrics statements="21" coveredstatements="21" conditionals="8" coveredconditionals="7" methods="6" coveredmethods="6"/>
      <file name="megaService.js" path="/Users/rhishikesh/GITHUB/_SANDBOX/node-mega-stream-service/application-source/services/megaService.js">
        <metrics statements="21" coveredstatements="21" conditionals="8" coveredconditionals="7" methods="6" coveredmethods="6"/>
        <line num="17" count="2" type="stmt"/>
        <line num="22" count="7" type="stmt"/>
        <line num="23" count="7" type="stmt"/>
        <line num="24" count="6" type="cond" truecount="2" falsecount="0"/>
        <line num="25" count="2" type="stmt"/>
        <line num="26" count="2" type="stmt"/>
        <line num="28" count="4" type="stmt"/>
        <line num="31" count="7" type="stmt"/>
        <line num="38" count="8" type="cond" truecount="2" falsecount="0"/>
        <line num="39" count="1" type="stmt"/>
        <line num="42" count="7" type="stmt"/>
        <line num="43" count="7" type="stmt"/>
        <line num="45" count="7" type="stmt"/>
        <line num="47" count="7" type="stmt"/>
        <line num="48" count="3" type="cond" truecount="1" falsecount="1"/>
        <line num="49" count="3" type="stmt"/>
        <line num="50" count="3" type="stmt"/>
        <line num="53" count="7" type="stmt"/>
        <line num="59" count="16" type="cond" truecount="2" falsecount="0"/>
        <line num="60" count="3" type="stmt"/>
        <line num="61" count="3" type="stmt"/>
      </file>
    </package>
    <package name="application-source.utils">
      <metrics statements="3" coveredstatements="3" conditionals="4" coveredconditionals="4" methods="2" coveredmethods="2"/>
      <file name="helpers.js" path="/Users/rhishikesh/GITHUB/_SANDBOX/node-mega-stream-service/application-source/utils/helpers.js">
        <metrics statements="3" coveredstatements="3" conditionals="4" coveredconditionals="4" methods="2" coveredmethods="2"/>
        <line num="15" count="4" type="cond" truecount="2" falsecount="0"/>
        <line num="21" count="3" type="cond" truecount="2" falsecount="0"/>
        <line num="22" count="2" type="stmt"/>
      </file>
    </package>
  </project>
</coverage>
