{"/Users/rhishikesh/GITHUB/_SANDBOX/node-mega-stream-service/application-source/config.js": {"path":"/Users/rhishikesh/GITHUB/_SANDBOX/node-mega-stream-service/application-source/config.js","statementMap":{"0":{"start":{"line":15,"column":0},"end":{"line":15,"column":null}},"1":{"start":{"line":19,"column":31},"end":{"line":19,"column":64}},"2":{"start":{"line":23,"column":20},"end":{"line":23,"column":44}}},"fnMap":{},"branchMap":{"0":{"loc":{"start":{"line":19,"column":31},"end":{"line":19,"column":64}},"type":"binary-expr","locations":[{"start":{"line":19,"column":31},"end":{"line":19,"column":58}},{"start":{"line":19,"column":62},"end":{"line":19,"column":64}}],"line":19},"1":{"loc":{"start":{"line":23,"column":20},"end":{"line":23,"column":44}},"type":"binary-expr","locations":[{"start":{"line":23,"column":20},"end":{"line":23,"column":36}},{"start":{"line":23,"column":40},"end":{"line":23,"column":44}}],"line":23}},"s":{"0":5,"1":5,"2":5},"f":{},"b":{"0":[5,2],"1":[5,4]},"meta":{"lastBranch":2,"lastFunction":0,"lastStatement":3,"seen":{"s:15:0:15:Infinity":0,"s:19:31:19:64":1,"b:19:31:19:58:19:62:19:64":0,"s:23:20:23:44":2,"b:23:20:23:36:23:40:23:44":1}}}
,"/Users/rhishikesh/GITHUB/_SANDBOX/node-mega-stream-service/application-source/index.js": {"path":"/Users/rhishikesh/GITHUB/_SANDBOX/node-mega-stream-service/application-source/index.js","statementMap":{"0":{"start":{"line":18,"column":11},"end":{"line":18,"column":21}},"1":{"start":{"line":22,"column":0},"end":{"line":22,"column":null}},"2":{"start":{"line":22,"column":33},"end":{"line":22,"column":59}},"3":{"start":{"line":26,"column":0},"end":{"line":26,"column":null}},"4":{"start":{"line":30,"column":0},"end":{"line":32,"column":null}},"5":{"start":{"line":31,"column":4},"end":{"line":31,"column":null}}},"fnMap":{"0":{"name":"(anonymous_0)","decl":{"start":{"line":22,"column":19},"end":{"line":22,"column":20}},"loc":{"start":{"line":22,"column":33},"end":{"line":22,"column":59}},"line":22},"1":{"name":"(anonymous_1)","decl":{"start":{"line":30,"column":17},"end":{"line":30,"column":18}},"loc":{"start":{"line":30,"column":23},"end":{"line":32,"column":1}},"line":30}},"branchMap":{},"s":{"0":1,"1":1,"2":1,"3":1,"4":1,"5":1},"f":{"0":1,"1":1},"b":{},"meta":{"lastBranch":0,"lastFunction":2,"lastStatement":6,"seen":{"s:18:11:18:21":0,"s:22:0:22:Infinity":1,"f:22:19:22:20":0,"s:22:33:22:59":2,"s:26:0:26:Infinity":3,"s:30:0:32:Infinity":4,"f:30:17:30:18":1,"s:31:4:31:Infinity":5}}}
,"/Users/rhishikesh/GITHUB/_SANDBOX/node-mega-stream-service/application-source/routes/stream.js": {"path":"/Users/rhishikesh/GITHUB/_SANDBOX/node-mega-stream-service/application-source/routes/stream.js","statementMap":{"0":{"start":{"line":20,"column":28},"end":{"line":129,"column":1}},"1":{"start":{"line":22,"column":4},"end":{"line":24,"column":null}},"2":{"start":{"line":23,"column":8},"end":{"line":23,"column":null}},"3":{"start":{"line":27,"column":18},"end":{"line":27,"column":79}},"4":{"start":{"line":28,"column":21},"end":{"line":28,"column":88}},"5":{"start":{"line":29,"column":18},"end":{"line":29,"column":50}},"6":{"start":{"line":31,"column":4},"end":{"line":34,"column":null}},"7":{"start":{"line":32,"column":22},"end":{"line":32,"column":79}},"8":{"start":{"line":33,"column":8},"end":{"line":33,"column":null}},"9":{"start":{"line":36,"column":4},"end":{"line":128,"column":null}},"10":{"start":{"line":38,"column":24},"end":{"line":38,"column":65}},"11":{"start":{"line":39,"column":21},"end":{"line":39,"column":42}},"12":{"start":{"line":41,"column":8},"end":{"line":43,"column":null}},"13":{"start":{"line":42,"column":12},"end":{"line":42,"column":null}},"14":{"start":{"line":46,"column":25},"end":{"line":46,"column":34}},"15":{"start":{"line":47,"column":20},"end":{"line":47,"column":21}},"16":{"start":{"line":48,"column":18},"end":{"line":48,"column":30}},"17":{"start":{"line":49,"column":25},"end":{"line":49,"column":28}},"18":{"start":{"line":51,"column":22},"end":{"line":51,"column":39}},"19":{"start":{"line":52,"column":8},"end":{"line":66,"column":null}},"20":{"start":{"line":53,"column":26},"end":{"line":53,"column":64}},"21":{"start":{"line":54,"column":35},"end":{"line":54,"column":57}},"22":{"start":{"line":55,"column":33},"end":{"line":55,"column":81}},"23":{"start":{"line":57,"column":35},"end":{"line":58,"column":92}},"24":{"start":{"line":59,"column":12},"end":{"line":61,"column":null}},"25":{"start":{"line":60,"column":16},"end":{"line":60,"column":null}},"26":{"start":{"line":63,"column":12},"end":{"line":63,"column":null}},"27":{"start":{"line":64,"column":12},"end":{"line":64,"column":null}},"28":{"start":{"line":65,"column":12},"end":{"line":65,"column":null}},"29":{"start":{"line":69,"column":23},"end":{"line":69,"column":52}},"30":{"start":{"line":70,"column":31},"end":{"line":70,"column":32}},"31":{"start":{"line":72,"column":8},"end":{"line":92,"column":null}},"32":{"start":{"line":73,"column":12},"end":{"line":73,"column":null}},"33":{"start":{"line":74,"column":28},"end":{"line":77,"column":69}},"34":{"start":{"line":79,"column":32},"end":{"line":82,"column":59}},"35":{"start":{"line":84,"column":12},"end":{"line":89,"column":null}},"36":{"start":{"line":90,"column":12},"end":{"line":90,"column":null}},"37":{"start":{"line":91,"column":12},"end":{"line":91,"column":null}},"38":{"start":{"line":95,"column":8},"end":{"line":99,"column":null}},"39":{"start":{"line":96,"column":12},"end":{"line":98,"column":null}},"40":{"start":{"line":97,"column":16},"end":{"line":97,"column":null}},"41":{"start":{"line":101,"column":8},"end":{"line":105,"column":null}},"42":{"start":{"line":102,"column":12},"end":{"line":104,"column":null}},"43":{"start":{"line":103,"column":16},"end":{"line":103,"column":null}},"44":{"start":{"line":107,"column":8},"end":{"line":115,"column":null}},"45":{"start":{"line":108,"column":12},"end":{"line":108,"column":null}},"46":{"start":{"line":109,"column":11},"end":{"line":109,"column":null}},"47":{"start":{"line":110,"column":12},"end":{"line":113,"column":null}},"48":{"start":{"line":111,"column":30},"end":{"line":111,"column":79}},"49":{"start":{"line":112,"column":16},"end":{"line":112,"column":null}},"50":{"start":{"line":114,"column":12},"end":{"line":114,"column":null}},"51":{"start":{"line":118,"column":8},"end":{"line":118,"column":null}},"52":{"start":{"line":119,"column":7},"end":{"line":119,"column":null}},"53":{"start":{"line":121,"column":23},"end":{"line":121,"column":50}},"54":{"start":{"line":122,"column":8},"end":{"line":125,"column":null}},"55":{"start":{"line":123,"column":26},"end":{"line":123,"column":76}},"56":{"start":{"line":124,"column":12},"end":{"line":124,"column":null}},"57":{"start":{"line":127,"column":8},"end":{"line":127,"column":null}}},"fnMap":{"0":{"name":"(anonymous_0)","decl":{"start":{"line":20,"column":28},"end":{"line":20,"column":33}},"loc":{"start":{"line":20,"column":48},"end":{"line":129,"column":1}},"line":20},"1":{"name":"(anonymous_1)","decl":{"start":{"line":72,"column":28},"end":{"line":72,"column":29}},"loc":{"start":{"line":72,"column":39},"end":{"line":92,"column":9}},"line":72},"2":{"name":"(anonymous_2)","decl":{"start":{"line":95,"column":24},"end":{"line":95,"column":25}},"loc":{"start":{"line":95,"column":30},"end":{"line":99,"column":9}},"line":95},"3":{"name":"(anonymous_3)","decl":{"start":{"line":101,"column":27},"end":{"line":101,"column":28}},"loc":{"start":{"line":101,"column":33},"end":{"line":105,"column":9}},"line":101},"4":{"name":"(anonymous_4)","decl":{"start":{"line":107,"column":29},"end":{"line":107,"column":30}},"loc":{"start":{"line":107,"column":38},"end":{"line":115,"column":9}},"line":107}},"branchMap":{"0":{"loc":{"start":{"line":22,"column":4},"end":{"line":24,"column":null}},"type":"if","locations":[{"start":{"line":22,"column":4},"end":{"line":24,"column":null}},{"start":{},"end":{}}],"line":22},"1":{"loc":{"start":{"line":27,"column":18},"end":{"line":27,"column":79}},"type":"binary-expr","locations":[{"start":{"line":27,"column":18},"end":{"line":27,"column":45}},{"start":{"line":27,"column":48},"end":{"line":27,"column":79}}],"line":27},"2":{"loc":{"start":{"line":28,"column":21},"end":{"line":28,"column":88}},"type":"binary-expr","locations":[{"start":{"line":28,"column":21},"end":{"line":28,"column":51}},{"start":{"line":28,"column":54},"end":{"line":28,"column":88}}],"line":28},"3":{"loc":{"start":{"line":31,"column":4},"end":{"line":34,"column":null}},"type":"if","locations":[{"start":{"line":31,"column":4},"end":{"line":34,"column":null}},{"start":{},"end":{}}],"line":31},"4":{"loc":{"start":{"line":31,"column":8},"end":{"line":31,"column":38}},"type":"binary-expr","locations":[{"start":{"line":31,"column":8},"end":{"line":31,"column":14}},{"start":{"line":31,"column":18},"end":{"line":31,"column":27}},{"start":{"line":31,"column":31},"end":{"line":31,"column":38}}],"line":31},"5":{"loc":{"start":{"line":41,"column":8},"end":{"line":43,"column":null}},"type":"if","locations":[{"start":{"line":41,"column":8},"end":{"line":43,"column":null}},{"start":{},"end":{}}],"line":41},"6":{"loc":{"start":{"line":52,"column":8},"end":{"line":66,"column":null}},"type":"if","locations":[{"start":{"line":52,"column":8},"end":{"line":66,"column":null}},{"start":{},"end":{}}],"line":52},"7":{"loc":{"start":{"line":55,"column":33},"end":{"line":55,"column":81}},"type":"cond-expr","locations":[{"start":{"line":55,"column":44},"end":{"line":55,"column":66}},{"start":{"line":55,"column":69},"end":{"line":55,"column":81}}],"line":55},"8":{"loc":{"start":{"line":57,"column":35},"end":{"line":58,"column":92}},"type":"binary-expr","locations":[{"start":{"line":57,"column":35},"end":{"line":57,"column":56}},{"start":{"line":57,"column":60},"end":{"line":57,"column":78}},{"start":{"line":58,"column":35},"end":{"line":58,"column":59}},{"start":{"line":58,"column":63},"end":{"line":58,"column":92}}],"line":57},"9":{"loc":{"start":{"line":59,"column":12},"end":{"line":61,"column":null}},"type":"if","locations":[{"start":{"line":59,"column":12},"end":{"line":61,"column":null}},{"start":{},"end":{}}],"line":59},"10":{"loc":{"start":{"line":74,"column":28},"end":{"line":77,"column":69}},"type":"binary-expr","locations":[{"start":{"line":74,"column":28},"end":{"line":74,"column":68}},{"start":{"line":75,"column":28},"end":{"line":75,"column":68}},{"start":{"line":76,"column":28},"end":{"line":76,"column":69}},{"start":{"line":77,"column":28},"end":{"line":77,"column":69}}],"line":74},"11":{"loc":{"start":{"line":79,"column":32},"end":{"line":82,"column":59}},"type":"cond-expr","locations":[{"start":{"line":80,"column":32},"end":{"line":82,"column":44}},{"start":{"line":82,"column":48},"end":{"line":82,"column":59}}],"line":79},"12":{"loc":{"start":{"line":80,"column":32},"end":{"line":82,"column":44}},"type":"cond-expr","locations":[{"start":{"line":80,"column":75},"end":{"line":80,"column":86}},{"start":{"line":81,"column":32},"end":{"line":82,"column":44}}],"line":80},"13":{"loc":{"start":{"line":81,"column":32},"end":{"line":82,"column":44}},"type":"cond-expr","locations":[{"start":{"line":81,"column":76},"end":{"line":81,"column":88}},{"start":{"line":82,"column":32},"end":{"line":82,"column":44}}],"line":81},"14":{"loc":{"start":{"line":88,"column":20},"end":{"line":88,"column":102}},"type":"cond-expr","locations":[{"start":{"line":88,"column":41},"end":{"line":88,"column":97}},{"start":{"line":88,"column":100},"end":{"line":88,"column":102}}],"line":88},"15":{"loc":{"start":{"line":96,"column":12},"end":{"line":98,"column":null}},"type":"if","locations":[{"start":{"line":96,"column":12},"end":{"line":98,"column":null}},{"start":{},"end":{}}],"line":96},"16":{"loc":{"start":{"line":96,"column":16},"end":{"line":96,"column":62}},"type":"binary-expr","locations":[{"start":{"line":96,"column":16},"end":{"line":96,"column":22}},{"start":{"line":96,"column":26},"end":{"line":96,"column":62}}],"line":96},"17":{"loc":{"start":{"line":102,"column":12},"end":{"line":104,"column":null}},"type":"if","locations":[{"start":{"line":102,"column":12},"end":{"line":104,"column":null}},{"start":{},"end":{}}],"line":102},"18":{"loc":{"start":{"line":110,"column":12},"end":{"line":113,"column":null}},"type":"if","locations":[{"start":{"line":110,"column":12},"end":{"line":113,"column":null}},{"start":{},"end":{}}],"line":110},"19":{"loc":{"start":{"line":121,"column":23},"end":{"line":121,"column":50}},"type":"binary-expr","locations":[{"start":{"line":121,"column":23},"end":{"line":121,"column":35}},{"start":{"line":121,"column":39},"end":{"line":121,"column":50}}],"line":121},"20":{"loc":{"start":{"line":122,"column":8},"end":{"line":125,"column":null}},"type":"if","locations":[{"start":{"line":122,"column":8},"end":{"line":125,"column":null}},{"start":{},"end":{}}],"line":122},"21":{"loc":{"start":{"line":122,"column":12},"end":{"line":122,"column":74}},"type":"binary-expr","locations":[{"start":{"line":122,"column":12},"end":{"line":122,"column":45}},{"start":{"line":122,"column":49},"end":{"line":122,"column":74}}],"line":122}},"s":{"0":1,"1":19,"2":1,"3":18,"4":19,"5":19,"6":19,"7":1,"8":1,"9":17,"10":17,"11":16,"12":16,"13":2,"14":14,"15":14,"16":14,"17":14,"18":14,"19":14,"20":5,"21":5,"22":5,"23":5,"24":5,"25":4,"26":1,"27":1,"28":1,"29":10,"30":10,"31":10,"32":7,"33":7,"34":7,"35":7,"36":7,"37":7,"38":10,"39":1,"40":1,"41":10,"42":1,"43":1,"44":10,"45":2,"46":2,"47":2,"48":1,"49":1,"50":1,"51":1,"52":1,"53":1,"54":1,"55":1,"56":1,"57":0},"f":{"0":19,"1":7,"2":1,"3":1,"4":2},"b":{"0":[1,18],"1":[18,17],"2":[19,17],"3":[1,18],"4":[19,17,17],"5":[2,14],"6":[5,9],"7":[5,0],"8":[5,3,3,2],"9":[4,1],"10":[7,6,5,4],"11":[4,3],"12":[1,3],"13":[1,2],"14":[1,6],"15":[1,0],"16":[1,1],"17":[1,0],"18":[1,1],"19":[1,0],"20":[1,0],"21":[1,0]},"meta":{"lastBranch":22,"lastFunction":5,"lastStatement":58,"seen":{"s:20:28:129:1":0,"f:20:28:20:33":0,"b:22:4:24:Infinity:undefined:undefined:undefined:undefined":0,"s:22:4:24:Infinity":1,"s:23:8:23:Infinity":2,"s:27:18:27:79":3,"b:27:18:27:45:27:48:27:79":1,"s:28:21:28:88":4,"b:28:21:28:51:28:54:28:88":2,"s:29:18:29:50":5,"b:31:4:34:Infinity:undefined:undefined:undefined:undefined":3,"s:31:4:34:Infinity":6,"b:31:8:31:14:31:18:31:27:31:31:31:38":4,"s:32:22:32:79":7,"s:33:8:33:Infinity":8,"s:36:4:128:Infinity":9,"s:38:24:38:65":10,"s:39:21:39:42":11,"b:41:8:43:Infinity:undefined:undefined:undefined:undefined":5,"s:41:8:43:Infinity":12,"s:42:12:42:Infinity":13,"s:46:25:46:34":14,"s:47:20:47:21":15,"s:48:18:48:30":16,"s:49:25:49:28":17,"s:51:22:51:39":18,"b:52:8:66:Infinity:undefined:undefined:undefined:undefined":6,"s:52:8:66:Infinity":19,"s:53:26:53:64":20,"s:54:35:54:57":21,"s:55:33:55:81":22,"b:55:44:55:66:55:69:55:81":7,"s:57:35:58:92":23,"b:57:35:57:56:57:60:57:78:58:35:58:59:58:63:58:92":8,"b:59:12:61:Infinity:undefined:undefined:undefined:undefined":9,"s:59:12:61:Infinity":24,"s:60:16:60:Infinity":25,"s:63:12:63:Infinity":26,"s:64:12:64:Infinity":27,"s:65:12:65:Infinity":28,"s:69:23:69:52":29,"s:70:31:70:32":30,"s:72:8:92:Infinity":31,"f:72:28:72:29":1,"s:73:12:73:Infinity":32,"s:74:28:77:69":33,"b:74:28:74:68:75:28:75:68:76:28:76:69:77:28:77:69":10,"s:79:32:82:59":34,"b:80:32:82:44:82:48:82:59":11,"b:80:75:80:86:81:32:82:44":12,"b:81:76:81:88:82:32:82:44":13,"s:84:12:89:Infinity":35,"b:88:41:88:97:88:100:88:102":14,"s:90:12:90:Infinity":36,"s:91:12:91:Infinity":37,"s:95:8:99:Infinity":38,"f:95:24:95:25":2,"b:96:12:98:Infinity:undefined:undefined:undefined:undefined":15,"s:96:12:98:Infinity":39,"b:96:16:96:22:96:26:96:62":16,"s:97:16:97:Infinity":40,"s:101:8:105:Infinity":41,"f:101:27:101:28":3,"b:102:12:104:Infinity:undefined:undefined:undefined:undefined":17,"s:102:12:104:Infinity":42,"s:103:16:103:Infinity":43,"s:107:8:115:Infinity":44,"f:107:29:107:30":4,"s:108:12:108:Infinity":45,"s:109:11:109:Infinity":46,"b:110:12:113:Infinity:undefined:undefined:undefined:undefined":18,"s:110:12:113:Infinity":47,"s:111:30:111:79":48,"s:112:16:112:Infinity":49,"s:114:12:114:Infinity":50,"s:118:8:118:Infinity":51,"s:119:7:119:Infinity":52,"s:121:23:121:50":53,"b:121:23:121:35:121:39:121:50":19,"b:122:8:125:Infinity:undefined:undefined:undefined:undefined":20,"s:122:8:125:Infinity":54,"b:122:12:122:45:122:49:122:74":21,"s:123:26:123:76":55,"s:124:12:124:Infinity":56,"s:127:8:127:Infinity":57}}}
,"/Users/rhishikesh/GITHUB/_SANDBOX/node-mega-stream-service/application-source/services/megaService.js": {"path":"/Users/rhishikesh/GITHUB/_SANDBOX/node-mega-stream-service/application-source/services/megaService.js","statementMap":{"0":{"start":{"line":17,"column":21},"end":{"line":17,"column":30}},"1":{"start":{"line":22,"column":4},"end":{"line":32,"column":null}},"2":{"start":{"line":23,"column":24},"end":{"line":29,"column":10}},"3":{"start":{"line":24,"column":12},"end":{"line":27,"column":null}},"4":{"start":{"line":25,"column":16},"end":{"line":25,"column":null}},"5":{"start":{"line":26,"column":16},"end":{"line":26,"column":null}},"6":{"start":{"line":28,"column":12},"end":{"line":28,"column":null}},"7":{"start":{"line":31,"column":8},"end":{"line":31,"column":null}},"8":{"start":{"line":38,"column":4},"end":{"line":40,"column":null}},"9":{"start":{"line":39,"column":8},"end":{"line":39,"column":null}},"10":{"start":{"line":42,"column":4},"end":{"line":42,"column":null}},"11":{"start":{"line":43,"column":27},"end":{"line":43,"column":55}},"12":{"start":{"line":45,"column":4},"end":{"line":45,"column":null}},"13":{"start":{"line":47,"column":4},"end":{"line":51,"column":null}},"14":{"start":{"line":48,"column":25},"end":{"line":48,"column":43}},"15":{"start":{"line":49,"column":8},"end":{"line":49,"column":null}},"16":{"start":{"line":50,"column":8},"end":{"line":50,"column":null}},"17":{"start":{"line":53,"column":4},"end":{"line":53,"column":null}},"18":{"start":{"line":59,"column":4},"end":{"line":62,"column":null}},"19":{"start":{"line":60,"column":8},"end":{"line":60,"column":null}},"20":{"start":{"line":61,"column":8},"end":{"line":61,"column":null}}},"fnMap":{"0":{"name":"loginToMega","decl":{"start":{"line":21,"column":9},"end":{"line":21,"column":20}},"loc":{"start":{"line":21,"column":38},"end":{"line":33,"column":null}},"line":21},"1":{"name":"(anonymous_1)","decl":{"start":{"line":22,"column":23},"end":{"line":22,"column":24}},"loc":{"start":{"line":22,"column":44},"end":{"line":32,"column":5}},"line":22},"2":{"name":"(anonymous_2)","decl":{"start":{"line":23,"column":57},"end":{"line":23,"column":58}},"loc":{"start":{"line":23,"column":80},"end":{"line":29,"column":9}},"line":23},"3":{"name":"getOrCreateSession","decl":{"start":{"line":37,"column":22},"end":{"line":37,"column":40}},"loc":{"start":{"line":37,"column":58},"end":{"line":54,"column":null}},"line":37},"4":{"name":"(anonymous_4)","decl":{"start":{"line":47,"column":25},"end":{"line":47,"column":26}},"loc":{"start":{"line":47,"column":34},"end":{"line":51,"column":5}},"line":47},"5":{"name":"evictSession","decl":{"start":{"line":58,"column":16},"end":{"line":58,"column":28}},"loc":{"start":{"line":58,"column":36},"end":{"line":63,"column":null}},"line":58}},"branchMap":{"0":{"loc":{"start":{"line":24,"column":12},"end":{"line":27,"column":null}},"type":"if","locations":[{"start":{"line":24,"column":12},"end":{"line":27,"column":null}},{"start":{},"end":{}}],"line":24},"1":{"loc":{"start":{"line":38,"column":4},"end":{"line":40,"column":null}},"type":"if","locations":[{"start":{"line":38,"column":4},"end":{"line":40,"column":null}},{"start":{},"end":{}}],"line":38},"2":{"loc":{"start":{"line":48,"column":25},"end":{"line":48,"column":43}},"type":"binary-expr","locations":[{"start":{"line":48,"column":25},"end":{"line":48,"column":36}},{"start":{"line":48,"column":40},"end":{"line":48,"column":43}}],"line":48},"3":{"loc":{"start":{"line":59,"column":4},"end":{"line":62,"column":null}},"type":"if","locations":[{"start":{"line":59,"column":4},"end":{"line":62,"column":null}},{"start":{},"end":{}}],"line":59}},"s":{"0":2,"1":7,"2":7,"3":6,"4":2,"5":2,"6":4,"7":7,"8":8,"9":1,"10":7,"11":7,"12":7,"13":7,"14":3,"15":3,"16":3,"17":7,"18":16,"19":3,"20":3},"f":{"0":7,"1":7,"2":6,"3":8,"4":3,"5":16},"b":{"0":[2,4],"1":[1,7],"2":[3,0],"3":[3,13]},"meta":{"lastBranch":4,"lastFunction":6,"lastStatement":21,"seen":{"s:17:21:17:30":0,"f:21:9:21:20":0,"s:22:4:32:Infinity":1,"f:22:23:22:24":1,"s:23:24:29:10":2,"f:23:57:23:58":2,"b:24:12:27:Infinity:undefined:undefined:undefined:undefined":0,"s:24:12:27:Infinity":3,"s:25:16:25:Infinity":4,"s:26:16:26:Infinity":5,"s:28:12:28:Infinity":6,"s:31:8:31:Infinity":7,"f:37:22:37:40":3,"b:38:4:40:Infinity:undefined:undefined:undefined:undefined":1,"s:38:4:40:Infinity":8,"s:39:8:39:Infinity":9,"s:42:4:42:Infinity":10,"s:43:27:43:55":11,"s:45:4:45:Infinity":12,"s:47:4:51:Infinity":13,"f:47:25:47:26":4,"s:48:25:48:43":14,"b:48:25:48:36:48:40:48:43":2,"s:49:8:49:Infinity":15,"s:50:8:50:Infinity":16,"s:53:4:53:Infinity":17,"f:58:16:58:28":5,"b:59:4:62:Infinity:undefined:undefined:undefined:undefined":3,"s:59:4:62:Infinity":18,"s:60:8:60:Infinity":19,"s:61:8:61:Infinity":20}}}
,"/Users/rhishikesh/GITHUB/_SANDBOX/node-mega-stream-service/application-source/utils/helpers.js": {"path":"/Users/rhishikesh/GITHUB/_SANDBOX/node-mega-stream-service/application-source/utils/helpers.js","statementMap":{"0":{"start":{"line":15,"column":4},"end":{"line":15,"column":null}},"1":{"start":{"line":21,"column":4},"end":{"line":21,"column":null}},"2":{"start":{"line":21,"column":17},"end":{"line":21,"column":null}},"3":{"start":{"line":22,"column":4},"end":{"line":22,"column":null}}},"fnMap":{"0":{"name":"getQueryParam","decl":{"start":{"line":14,"column":16},"end":{"line":14,"column":29}},"loc":{"start":{"line":14,"column":37},"end":{"line":16,"column":null}},"line":14},"1":{"name":"validateInternalSecret","decl":{"start":{"line":20,"column":16},"end":{"line":20,"column":38}},"loc":{"start":{"line":20,"column":52},"end":{"line":23,"column":null}},"line":20}},"branchMap":{"0":{"loc":{"start":{"line":15,"column":11},"end":{"line":15,"column":56}},"type":"cond-expr","locations":[{"start":{"line":15,"column":39},"end":{"line":15,"column":51}},{"start":{"line":15,"column":54},"end":{"line":15,"column":56}}],"line":15},"1":{"loc":{"start":{"line":21,"column":4},"end":{"line":21,"column":null}},"type":"if","locations":[{"start":{"line":21,"column":4},"end":{"line":21,"column":null}},{"start":{},"end":{}}],"line":21}},"s":{"0":4,"1":3,"2":1,"3":2},"f":{"0":4,"1":3},"b":{"0":[1,3],"1":[1,2]},"meta":{"lastBranch":2,"lastFunction":2,"lastStatement":4,"seen":{"f:14:16:14:29":0,"s:15:4:15:Infinity":0,"b:15:39:15:51:15:54:15:56":0,"f:20:16:20:38":1,"b:21:4:21:Infinity:undefined:undefined:undefined:undefined":1,"s:21:4:21:Infinity":1,"s:21:17:21:Infinity":2,"s:22:4:22:Infinity":3}}}
}
